  [1m[35m (17.5ms)[0m  [1m[35mCREATE TABLE "schema_migrations" ("version" varchar NOT NULL PRIMARY KEY) /*application='MiApi'*/[0m
  [1m[35m (2.3ms)[0m  [1m[35mCREATE TABLE "ar_internal_metadata" ("key" varchar NOT NULL PRIMARY KEY, "value" varchar, "created_at" datetime(6) NOT NULL, "updated_at" datetime(6) NOT NULL) /*application='MiApi'*/[0m
  [1m[36mActiveRecord::InternalMetadata Load (4.2ms)[0m  [1m[34mSELECT * FROM "ar_internal_metadata" WHERE "ar_internal_metadata"."key" = 'environment' ORDER BY "ar_internal_metadata"."key" ASC LIMIT 1 /*application='MiApi'*/[0m
  [1m[36mActiveRecord::InternalMetadata Create (2.5ms)[0m  [1m[32mINSERT INTO "ar_internal_metadata" ("key", "value", "created_at", "updated_at") VALUES ('environment', 'development', '2025-02-18 15:16:02.363682', '2025-02-18 15:16:02.363691') RETURNING "key" /*application='MiApi'*/[0m
  [1m[36mActiveRecord::SchemaMigration Load (1.5ms)[0m  [1m[34mSELECT "schema_migrations"."version" FROM "schema_migrations" ORDER BY "schema_migrations"."version" ASC /*application='MiApi'*/[0m
Migrating to CreatePersonas (20250218151028)
  [1m[36mTRANSACTION (0.6ms)[0m  [1m[35mBEGIN immediate TRANSACTION /*application='MiApi'*/[0m
  [1m[35m (3.9ms)[0m  [1m[35mCREATE TABLE "personas" ("id" integer PRIMARY KEY AUTOINCREMENT NOT NULL, "cedula" varchar, "edad" integer, "created_at" datetime(6) NOT NULL, "updated_at" datetime(6) NOT NULL) /*application='MiApi'*/[0m
  [1m[36mActiveRecord::SchemaMigration Create (0.3ms)[0m  [1m[32mINSERT INTO "schema_migrations" ("version") VALUES ('20250218151028') RETURNING "version" /*application='MiApi'*/[0m
  [1m[36mTRANSACTION (10.3ms)[0m  [1m[35mCOMMIT TRANSACTION /*application='MiApi'*/[0m
  [1m[36mActiveRecord::SchemaMigration Load (0.5ms)[0m  [1m[34mSELECT "schema_migrations"."version" FROM "schema_migrations" ORDER BY "schema_migrations"."version" ASC /*application='MiApi'*/[0m
  [1m[36mTRANSACTION (15.4ms)[0m  [1m[35mBEGIN immediate TRANSACTION /*application='MiApi'*/[0m
  [1m[36mPersona Create (53.0ms)[0m  [1m[32mINSERT INTO "personas" ("cedula", "edad", "created_at", "updated_at") VALUES ('4567', 3024681298, '2025-02-18 15:22:30.827398', '2025-02-18 15:22:30.827398') RETURNING "id" /*application='MiApi'*/[0m
  [1m[36mTRANSACTION (98.1ms)[0m  [1m[35mCOMMIT TRANSACTION /*application='MiApi'*/[0m
  [1m[36mTRANSACTION (3.4ms)[0m  [1m[35mBEGIN immediate TRANSACTION /*application='MiApi'*/[0m
  [1m[36mPersona Create (5.4ms)[0m  [1m[32mINSERT INTO "personas" ("cedula", "edad", "created_at", "updated_at") VALUES ('34567890', 45, '2025-02-18 15:23:45.151831', '2025-02-18 15:23:45.151831') RETURNING "id" /*application='MiApi'*/[0m
  [1m[36mTRANSACTION (2.3ms)[0m  [1m[35mCOMMIT TRANSACTION /*application='MiApi'*/[0m
  [1m[36mPersona Load (3.9ms)[0m  [1m[34mSELECT "personas".* FROM "personas" /* loading for pp */ LIMIT 11 /*application='MiApi'*/[0m
  [1m[36mPersona Load (0.7ms)[0m  [1m[34mSELECT "personas".* FROM "personas" WHERE "personas"."id" = 2 LIMIT 1 /*application='MiApi'*/[0m
  [1m[36mPersona Load (0.8ms)[0m  [1m[34mSELECT "personas".* FROM "personas" WHERE "personas"."id" = 2 LIMIT 1 /*application='MiApi'*/[0m
  [1m[36mTRANSACTION (0.9ms)[0m  [1m[35mBEGIN immediate TRANSACTION /*application='MiApi'*/[0m
  [1m[36mPersona Destroy (4.3ms)[0m  [1m[31mDELETE FROM "personas" WHERE "personas"."id" = 2 /*application='MiApi'*/[0m
  [1m[36mTRANSACTION (1.0ms)[0m  [1m[35mCOMMIT TRANSACTION /*application='MiApi'*/[0m
  [1m[36mPersona Load (129.0ms)[0m  [1m[34mSELECT "personas".* FROM "personas" /* loading for pp */ LIMIT 11 /*application='MiApi'*/[0m
